Determining if the Q_WS_WIN exist failed with the following output:
Change Dir: /afs/psi.ch/project/sls_det_software/Web_slsDetectorsPackage_v3.0/build/CMakeFiles/CMakeTmp

Run Build Command:/usr/bin/gmake "cmTryCompileExec4056305058/fast"
/usr/bin/gmake -f CMakeFiles/cmTryCompileExec4056305058.dir/build.make CMakeFiles/cmTryCompileExec4056305058.dir/build
gmake[1]: Entering directory `/afs/psi.ch/project/sls_det_software/Web_slsDetectorsPackage_v3.0/build/CMakeFiles/CMakeTmp'
/usr/bin/cmake -E cmake_progress_report /afs/psi.ch/project/sls_det_software/Web_slsDetectorsPackage_v3.0/build/CMakeFiles/CMakeTmp/CMakeFiles 1
Building CXX object CMakeFiles/cmTryCompileExec4056305058.dir/CheckSymbolExists.cxx.o
/usr/bin/c++    -I/afs/psi.ch/intranet/Controls/Software/Trolltech/SL6-x86_64/Qt-4.8.2/include    -o CMakeFiles/cmTryCompileExec4056305058.dir/CheckSymbolExists.cxx.o -c /afs/psi.ch/project/sls_det_software/Web_slsDetectorsPackage_v3.0/build/CMakeFiles/CMakeTmp/CheckSymbolExists.cxx
/afs/psi.ch/project/sls_det_software/Web_slsDetectorsPackage_v3.0/build/CMakeFiles/CMakeTmp/CheckSymbolExists.cxx: In function ‘int main(int, char**)’:
/afs/psi.ch/project/sls_det_software/Web_slsDetectorsPackage_v3.0/build/CMakeFiles/CMakeTmp/CheckSymbolExists.cxx:8: error: ‘Q_WS_WIN’ was not declared in this scope
gmake[1]: *** [CMakeFiles/cmTryCompileExec4056305058.dir/CheckSymbolExists.cxx.o] Error 1
gmake[1]: Leaving directory `/afs/psi.ch/project/sls_det_software/Web_slsDetectorsPackage_v3.0/build/CMakeFiles/CMakeTmp'
gmake: *** [cmTryCompileExec4056305058/fast] Error 2

File /afs/psi.ch/project/sls_det_software/Web_slsDetectorsPackage_v3.0/build/CMakeFiles/CMakeTmp/CheckSymbolExists.cxx:
/* */
#include <QtCore/qglobal.h>

int main(int argc, char** argv)
{
  (void)argv;
#ifndef Q_WS_WIN
  return ((int*)(&Q_WS_WIN))[argc];
#else
  (void)argc;
  return 0;
#endif
}

Determining if the Q_WS_QWS exist failed with the following output:
Change Dir: /afs/psi.ch/project/sls_det_software/Web_slsDetectorsPackage_v3.0/build/CMakeFiles/CMakeTmp

Run Build Command:/usr/bin/gmake "cmTryCompileExec734578914/fast"
/usr/bin/gmake -f CMakeFiles/cmTryCompileExec734578914.dir/build.make CMakeFiles/cmTryCompileExec734578914.dir/build
gmake[1]: Entering directory `/afs/psi.ch/project/sls_det_software/Web_slsDetectorsPackage_v3.0/build/CMakeFiles/CMakeTmp'
/usr/bin/cmake -E cmake_progress_report /afs/psi.ch/project/sls_det_software/Web_slsDetectorsPackage_v3.0/build/CMakeFiles/CMakeTmp/CMakeFiles 1
Building CXX object CMakeFiles/cmTryCompileExec734578914.dir/CheckSymbolExists.cxx.o
/usr/bin/c++    -I/afs/psi.ch/intranet/Controls/Software/Trolltech/SL6-x86_64/Qt-4.8.2/include    -o CMakeFiles/cmTryCompileExec734578914.dir/CheckSymbolExists.cxx.o -c /afs/psi.ch/project/sls_det_software/Web_slsDetectorsPackage_v3.0/build/CMakeFiles/CMakeTmp/CheckSymbolExists.cxx
/afs/psi.ch/project/sls_det_software/Web_slsDetectorsPackage_v3.0/build/CMakeFiles/CMakeTmp/CheckSymbolExists.cxx: In function ‘int main(int, char**)’:
/afs/psi.ch/project/sls_det_software/Web_slsDetectorsPackage_v3.0/build/CMakeFiles/CMakeTmp/CheckSymbolExists.cxx:8: error: ‘Q_WS_QWS’ was not declared in this scope
gmake[1]: *** [CMakeFiles/cmTryCompileExec734578914.dir/CheckSymbolExists.cxx.o] Error 1
gmake[1]: Leaving directory `/afs/psi.ch/project/sls_det_software/Web_slsDetectorsPackage_v3.0/build/CMakeFiles/CMakeTmp'
gmake: *** [cmTryCompileExec734578914/fast] Error 2

File /afs/psi.ch/project/sls_det_software/Web_slsDetectorsPackage_v3.0/build/CMakeFiles/CMakeTmp/CheckSymbolExists.cxx:
/* */
#include <QtCore/qglobal.h>

int main(int argc, char** argv)
{
  (void)argv;
#ifndef Q_WS_QWS
  return ((int*)(&Q_WS_QWS))[argc];
#else
  (void)argc;
  return 0;
#endif
}

Determining if the Q_WS_MAC exist failed with the following output:
Change Dir: /afs/psi.ch/project/sls_det_software/Web_slsDetectorsPackage_v3.0/build/CMakeFiles/CMakeTmp

Run Build Command:/usr/bin/gmake "cmTryCompileExec266097612/fast"
/usr/bin/gmake -f CMakeFiles/cmTryCompileExec266097612.dir/build.make CMakeFiles/cmTryCompileExec266097612.dir/build
gmake[1]: Entering directory `/afs/psi.ch/project/sls_det_software/Web_slsDetectorsPackage_v3.0/build/CMakeFiles/CMakeTmp'
/usr/bin/cmake -E cmake_progress_report /afs/psi.ch/project/sls_det_software/Web_slsDetectorsPackage_v3.0/build/CMakeFiles/CMakeTmp/CMakeFiles 1
Building CXX object CMakeFiles/cmTryCompileExec266097612.dir/CheckSymbolExists.cxx.o
/usr/bin/c++    -I/afs/psi.ch/intranet/Controls/Software/Trolltech/SL6-x86_64/Qt-4.8.2/include    -o CMakeFiles/cmTryCompileExec266097612.dir/CheckSymbolExists.cxx.o -c /afs/psi.ch/project/sls_det_software/Web_slsDetectorsPackage_v3.0/build/CMakeFiles/CMakeTmp/CheckSymbolExists.cxx
/afs/psi.ch/project/sls_det_software/Web_slsDetectorsPackage_v3.0/build/CMakeFiles/CMakeTmp/CheckSymbolExists.cxx: In function ‘int main(int, char**)’:
/afs/psi.ch/project/sls_det_software/Web_slsDetectorsPackage_v3.0/build/CMakeFiles/CMakeTmp/CheckSymbolExists.cxx:8: error: ‘Q_WS_MAC’ was not declared in this scope
gmake[1]: *** [CMakeFiles/cmTryCompileExec266097612.dir/CheckSymbolExists.cxx.o] Error 1
gmake[1]: Leaving directory `/afs/psi.ch/project/sls_det_software/Web_slsDetectorsPackage_v3.0/build/CMakeFiles/CMakeTmp'
gmake: *** [cmTryCompileExec266097612/fast] Error 2

File /afs/psi.ch/project/sls_det_software/Web_slsDetectorsPackage_v3.0/build/CMakeFiles/CMakeTmp/CheckSymbolExists.cxx:
/* */
#include <QtCore/qglobal.h>

int main(int argc, char** argv)
{
  (void)argv;
#ifndef Q_WS_MAC
  return ((int*)(&Q_WS_MAC))[argc];
#else
  (void)argc;
  return 0;
#endif
}

Determining if the Q_WS_WIN exist failed with the following output:
Change Dir: /afs/psi.ch/project/sls_det_software/Web_slsDetectorsPackage_v3.0/build/CMakeFiles/CMakeTmp

Run Build Command:/usr/bin/gmake "cmTryCompileExec4066308053/fast"
/usr/bin/gmake -f CMakeFiles/cmTryCompileExec4066308053.dir/build.make CMakeFiles/cmTryCompileExec4066308053.dir/build
gmake[1]: Entering directory `/afs/psi.ch/project/sls_det_software/Web_slsDetectorsPackage_v3.0/build/CMakeFiles/CMakeTmp'
/usr/bin/cmake -E cmake_progress_report /afs/psi.ch/project/sls_det_software/Web_slsDetectorsPackage_v3.0/build/CMakeFiles/CMakeTmp/CMakeFiles 1
Building CXX object CMakeFiles/cmTryCompileExec4066308053.dir/CheckSymbolExists.cxx.o
/usr/bin/c++    -I/afs/psi.ch/intranet/Controls/Software/Trolltech/SL6-x86_64/Qt-4.8.2/include    -o CMakeFiles/cmTryCompileExec4066308053.dir/CheckSymbolExists.cxx.o -c /afs/psi.ch/project/sls_det_software/Web_slsDetectorsPackage_v3.0/build/CMakeFiles/CMakeTmp/CheckSymbolExists.cxx
/afs/psi.ch/project/sls_det_software/Web_slsDetectorsPackage_v3.0/build/CMakeFiles/CMakeTmp/CheckSymbolExists.cxx: In function ‘int main(int, char**)’:
/afs/psi.ch/project/sls_det_software/Web_slsDetectorsPackage_v3.0/build/CMakeFiles/CMakeTmp/CheckSymbolExists.cxx:8: error: ‘Q_WS_WIN’ was not declared in this scope
gmake[1]: *** [CMakeFiles/cmTryCompileExec4066308053.dir/CheckSymbolExists.cxx.o] Error 1
gmake[1]: Leaving directory `/afs/psi.ch/project/sls_det_software/Web_slsDetectorsPackage_v3.0/build/CMakeFiles/CMakeTmp'
gmake: *** [cmTryCompileExec4066308053/fast] Error 2

File /afs/psi.ch/project/sls_det_software/Web_slsDetectorsPackage_v3.0/build/CMakeFiles/CMakeTmp/CheckSymbolExists.cxx:
/* */
#include <QtCore/qglobal.h>

int main(int argc, char** argv)
{
  (void)argv;
#ifndef Q_WS_WIN
  return ((int*)(&Q_WS_WIN))[argc];
#else
  (void)argc;
  return 0;
#endif
}

Determining if the Q_WS_QWS exist failed with the following output:
Change Dir: /afs/psi.ch/project/sls_det_software/Web_slsDetectorsPackage_v3.0/build/CMakeFiles/CMakeTmp

Run Build Command:/usr/bin/gmake "cmTryCompileExec3510659788/fast"
/usr/bin/gmake -f CMakeFiles/cmTryCompileExec3510659788.dir/build.make CMakeFiles/cmTryCompileExec3510659788.dir/build
gmake[1]: Entering directory `/afs/psi.ch/project/sls_det_software/Web_slsDetectorsPackage_v3.0/build/CMakeFiles/CMakeTmp'
/usr/bin/cmake -E cmake_progress_report /afs/psi.ch/project/sls_det_software/Web_slsDetectorsPackage_v3.0/build/CMakeFiles/CMakeTmp/CMakeFiles 1
Building CXX object CMakeFiles/cmTryCompileExec3510659788.dir/CheckSymbolExists.cxx.o
/usr/bin/c++    -I/afs/psi.ch/intranet/Controls/Software/Trolltech/SL6-x86_64/Qt-4.8.2/include    -o CMakeFiles/cmTryCompileExec3510659788.dir/CheckSymbolExists.cxx.o -c /afs/psi.ch/project/sls_det_software/Web_slsDetectorsPackage_v3.0/build/CMakeFiles/CMakeTmp/CheckSymbolExists.cxx
/afs/psi.ch/project/sls_det_software/Web_slsDetectorsPackage_v3.0/build/CMakeFiles/CMakeTmp/CheckSymbolExists.cxx: In function ‘int main(int, char**)’:
/afs/psi.ch/project/sls_det_software/Web_slsDetectorsPackage_v3.0/build/CMakeFiles/CMakeTmp/CheckSymbolExists.cxx:8: error: ‘Q_WS_QWS’ was not declared in this scope
gmake[1]: *** [CMakeFiles/cmTryCompileExec3510659788.dir/CheckSymbolExists.cxx.o] Error 1
gmake[1]: Leaving directory `/afs/psi.ch/project/sls_det_software/Web_slsDetectorsPackage_v3.0/build/CMakeFiles/CMakeTmp'
gmake: *** [cmTryCompileExec3510659788/fast] Error 2

File /afs/psi.ch/project/sls_det_software/Web_slsDetectorsPackage_v3.0/build/CMakeFiles/CMakeTmp/CheckSymbolExists.cxx:
/* */
#include <QtCore/qglobal.h>

int main(int argc, char** argv)
{
  (void)argv;
#ifndef Q_WS_QWS
  return ((int*)(&Q_WS_QWS))[argc];
#else
  (void)argc;
  return 0;
#endif
}

Determining if the Q_WS_MAC exist failed with the following output:
Change Dir: /afs/psi.ch/project/sls_det_software/Web_slsDetectorsPackage_v3.0/build/CMakeFiles/CMakeTmp

Run Build Command:/usr/bin/gmake "cmTryCompileExec2316778158/fast"
/usr/bin/gmake -f CMakeFiles/cmTryCompileExec2316778158.dir/build.make CMakeFiles/cmTryCompileExec2316778158.dir/build
gmake[1]: Entering directory `/afs/psi.ch/project/sls_det_software/Web_slsDetectorsPackage_v3.0/build/CMakeFiles/CMakeTmp'
/usr/bin/cmake -E cmake_progress_report /afs/psi.ch/project/sls_det_software/Web_slsDetectorsPackage_v3.0/build/CMakeFiles/CMakeTmp/CMakeFiles 1
Building CXX object CMakeFiles/cmTryCompileExec2316778158.dir/CheckSymbolExists.cxx.o
/usr/bin/c++    -I/afs/psi.ch/intranet/Controls/Software/Trolltech/SL6-x86_64/Qt-4.8.2/include    -o CMakeFiles/cmTryCompileExec2316778158.dir/CheckSymbolExists.cxx.o -c /afs/psi.ch/project/sls_det_software/Web_slsDetectorsPackage_v3.0/build/CMakeFiles/CMakeTmp/CheckSymbolExists.cxx
/afs/psi.ch/project/sls_det_software/Web_slsDetectorsPackage_v3.0/build/CMakeFiles/CMakeTmp/CheckSymbolExists.cxx: In function ‘int main(int, char**)’:
/afs/psi.ch/project/sls_det_software/Web_slsDetectorsPackage_v3.0/build/CMakeFiles/CMakeTmp/CheckSymbolExists.cxx:8: error: ‘Q_WS_MAC’ was not declared in this scope
gmake[1]: *** [CMakeFiles/cmTryCompileExec2316778158.dir/CheckSymbolExists.cxx.o] Error 1
gmake[1]: Leaving directory `/afs/psi.ch/project/sls_det_software/Web_slsDetectorsPackage_v3.0/build/CMakeFiles/CMakeTmp'
gmake: *** [cmTryCompileExec2316778158/fast] Error 2

File /afs/psi.ch/project/sls_det_software/Web_slsDetectorsPackage_v3.0/build/CMakeFiles/CMakeTmp/CheckSymbolExists.cxx:
/* */
#include <QtCore/qglobal.h>

int main(int argc, char** argv)
{
  (void)argv;
#ifndef Q_WS_MAC
  return ((int*)(&Q_WS_MAC))[argc];
#else
  (void)argc;
  return 0;
#endif
}

